2026-07-15 22:01:17 [main] [] INFO  com.dee.concurrency.ConcurrencyApplication - Starting ConcurrencyApplication using Java 17.0.12 with PID 7024 (C:\Users\erasto\Documents\portofolio-springboot\concurrency\target\classes started by erasto in C:\Users\erasto\Documents\portofolio-springboot\concurrency)
2026-07-15 22:01:17 [main] [] INFO  com.dee.concurrency.ConcurrencyApplication - No active profile set, falling back to 1 default profile: "default"
2026-07-15 22:01:18 [background-preinit] [] INFO  org.hibernate.validator.internal.util.Version - HV000001: Hibernate Validator 9.0.1.Final
2026-07-15 22:01:18 [main] [] INFO  org.springframework.data.repository.config.RepositoryConfigurationDelegate - Bootstrapping Spring Data JPA repositories in DEFAULT mode.
2026-07-15 22:01:18 [main] [] INFO  org.springframework.data.repository.config.RepositoryConfigurationDelegate - Finished Spring Data repository scanning in 64 ms. Found 1 JPA repository interface.
2026-07-15 22:01:19 [main] [] INFO  org.springframework.boot.tomcat.TomcatWebServer - Tomcat initialized with port 4805 (http)
2026-07-15 22:01:19 [main] [] INFO  org.apache.coyote.http11.Http11NioProtocol - Initializing ProtocolHandler ["http-nio-4805"]
2026-07-15 22:01:19 [main] [] INFO  org.apache.catalina.core.StandardService - Starting service [Tomcat]
2026-07-15 22:01:19 [main] [] INFO  org.apache.catalina.core.StandardEngine - Starting Servlet engine: [Apache Tomcat/11.0.21]
2026-07-15 22:01:19 [main] [] INFO  org.springframework.boot.web.context.servlet.WebApplicationContextInitializer - Root WebApplicationContext: initialization completed in 1203 ms
2026-07-15 22:01:19 [main] [] INFO  org.hibernate.orm.jpa - HHH008540: Processing PersistenceUnitInfo [name: default]
2026-07-15 22:01:19 [main] [] INFO  org.hibernate.orm.core - HHH000001: Hibernate ORM core version 7.2.12.Final
2026-07-15 22:01:19 [main] [] INFO  org.springframework.orm.jpa.persistenceunit.SpringPersistenceUnitInfo - No LoadTimeWeaver setup: ignoring JPA class transformer
2026-07-15 22:01:19 [main] [] INFO  com.zaxxer.hikari.HikariDataSource - HikariPool-1 - Starting...
2026-07-15 22:01:20 [main] [] INFO  com.zaxxer.hikari.pool.HikariPool - HikariPool-1 - Added connection org.postgresql.jdbc.PgConnection@5e95b0ab
2026-07-15 22:01:20 [main] [] INFO  com.zaxxer.hikari.HikariDataSource - HikariPool-1 - Start completed.
2026-07-15 22:01:20 [main] [] INFO  org.hibernate.orm.connections.pooling - HHH10001005: Database info:
	Database JDBC URL [jdbc:postgresql://localhost:5432/concurrency_lab]
	Database driver: PostgreSQL JDBC Driver
	Database dialect: PostgreSQLDialect
	Database version: 17.4
	Default catalog/schema: concurrency_lab/public
	Autocommit mode: undefined/unknown
	Isolation level: READ_COMMITTED [default READ_COMMITTED]
	JDBC fetch size: none
	Pool: DataSourceConnectionProvider
	Minimum pool size: undefined/unknown
	Maximum pool size: undefined/unknown
2026-07-15 22:01:21 [main] [] INFO  org.hibernate.orm.core - HHH000489: No JTA platform available (set 'hibernate.transaction.jta.platform' to enable JTA platform integration)
2026-07-15 22:01:21 [main] [] INFO  org.springframework.orm.jpa.LocalContainerEntityManagerFactoryBean - Initialized JPA EntityManagerFactory for persistence unit 'default'
2026-07-15 22:01:21 [main] [] INFO  org.springframework.data.jpa.repository.query.QueryEnhancerFactories - Hibernate is in classpath; If applicable, HQL parser will be used.
2026-07-15 22:01:22 [main] [] WARN  org.springframework.boot.jpa.autoconfigure.JpaBaseConfiguration$JpaWebConfiguration - spring.jpa.open-in-view is enabled by default. Therefore, database queries may be performed during view rendering. Explicitly configure spring.jpa.open-in-view to disable this warning
2026-07-15 22:01:22 [main] [] INFO  org.apache.coyote.http11.Http11NioProtocol - Starting ProtocolHandler ["http-nio-4805"]
2026-07-15 22:01:22 [main] [] INFO  org.springframework.boot.tomcat.TomcatWebServer - Tomcat started on port 4805 (http) with context path '/'
2026-07-15 22:01:22 [main] [] INFO  com.dee.concurrency.ConcurrencyApplication - Started ConcurrencyApplication in 5.651 seconds (process running for 6.061)
2026-07-15 22:02:11 [http-nio-4805-exec-2] [] INFO  org.apache.catalina.core.ContainerBase.[Tomcat].[localhost].[/] - Initializing Spring DispatcherServlet 'dispatcherServlet'
2026-07-15 22:02:11 [http-nio-4805-exec-2] [] INFO  org.springframework.web.servlet.DispatcherServlet - Initializing Servlet 'dispatcherServlet'
2026-07-15 22:02:11 [http-nio-4805-exec-2] [] INFO  org.springframework.web.servlet.DispatcherServlet - Completed initialization in 23 ms
2026-07-15 22:07:35 [http-nio-4805-exec-5] [] WARN  org.springframework.web.servlet.mvc.support.DefaultHandlerExceptionResolver - Resolved [org.springframework.web.HttpMediaTypeNotSupportedException: Content-Type 'text/plain;charset=UTF-8' is not supported]
2026-07-15 22:07:35 [http-nio-4805-exec-7] [] WARN  org.springframework.web.servlet.mvc.support.DefaultHandlerExceptionResolver - Resolved [org.springframework.web.HttpMediaTypeNotSupportedException: Content-Type 'text/plain;charset=UTF-8' is not supported]
2026-07-15 22:09:59 [SpringApplicationShutdownHook] [] INFO  org.springframework.boot.tomcat.GracefulShutdown - Commencing graceful shutdown. Waiting for active requests to complete
2026-07-15 22:09:59 [tomcat-shutdown] [] INFO  org.springframework.boot.tomcat.GracefulShutdown - Graceful shutdown complete
2026-07-15 22:09:59 [SpringApplicationShutdownHook] [] INFO  org.springframework.orm.jpa.LocalContainerEntityManagerFactoryBean - Closing JPA EntityManagerFactory for persistence unit 'default'
2026-07-15 22:09:59 [SpringApplicationShutdownHook] [] INFO  com.zaxxer.hikari.HikariDataSource - HikariPool-1 - Shutdown initiated...
2026-07-15 22:09:59 [SpringApplicationShutdownHook] [] INFO  com.zaxxer.hikari.HikariDataSource - HikariPool-1 - Shutdown completed.
